<?xml version="1.0" encoding="UTF-8"?>
<!-- Generated by org.testng.reporters.JUnitReportReporter -->
<testsuite hostname="DESKTOP-TH3PIIH" failures="0" tests="1" name="automationFramework.HW2" time="20.033" errors="0" timestamp="2023-12-14T12:11:26 IST" skipped="0">
  <testcase classname="automationFramework.HW2" name="f" time="20.033"/>
  <system-out/>
</testsuite> <!-- automationFramework.HW2 -->
